build/app/intermediates/manifest_merge_blame_file/debug/manifest-merger-blame-debug-report.txt
1<?xml version="1.0" encoding="utf-8"?>
2<manifest xmlns:android="http://schemas.android.com/apk/res/android"
3    package="com.tewos.plantapp"
4    android:versionCode="1"
5    android:versionName="1.0.0" >
6
7    <uses-sdk
8        android:minSdkVersion="21"
9        android:targetSdkVersion="34" />
10    <!--
11         The INTERNET permission is required for development. Specifically,
12         the Flutter tool needs it to communicate with the running application
13         to allow setting breakpoints, to provide hot reload, etc.
14    -->
15    <uses-permission android:name="android.permission.INTERNET" />
15-->src\main\AndroidManifest.xml:3:5-67
15-->src\main\AndroidManifest.xml:3:22-64
16    <uses-permission android:name="android.permission.ACCESS_NETWORK_STATE" />
16-->src\main\AndroidManifest.xml:4:5-79
16-->src\main\AndroidManifest.xml:4:22-76
17
18    <uses-feature android:name="android.hardware.camera" />
18-->src\main\AndroidManifest.xml:5:5-60
18-->src\main\AndroidManifest.xml:5:19-57
19
20    <uses-permission android:name="android.permission.CAMERA" />
20-->src\main\AndroidManifest.xml:6:5-65
20-->src\main\AndroidManifest.xml:6:22-62
21    <uses-permission android:name="android.permission.VIBRATE" />
21-->src\main\AndroidManifest.xml:7:5-65
21-->src\main\AndroidManifest.xml:7:22-63
22    <uses-permission android:name="android.permission.SCHEDULE_EXACT_ALARM" />
22-->src\main\AndroidManifest.xml:8:5-79
22-->src\main\AndroidManifest.xml:8:22-76
23    <uses-permission android:name="android.permission.RECEIVE_BOOT_COMPLETED" />
23-->src\main\AndroidManifest.xml:9:5-80
23-->src\main\AndroidManifest.xml:9:22-78
24    <uses-permission android:name="android.permission.FOREGROUND_SERVICE" />
24-->src\main\AndroidManifest.xml:10:5-77
24-->src\main\AndroidManifest.xml:10:22-74
25    <uses-permission android:name="android.permission.ACCESS_COARSE_LOCATION" />
25-->src\main\AndroidManifest.xml:11:5-80
25-->src\main\AndroidManifest.xml:11:22-78
26    <uses-permission android:name="android.permission.ACCESS_FINE_LOCATION" />
26-->src\main\AndroidManifest.xml:12:5-78
26-->src\main\AndroidManifest.xml:12:22-76
27    <uses-permission android:name="android.permission.RECEIVE_SMS" />
27-->src\main\AndroidManifest.xml:13:5-70
27-->src\main\AndroidManifest.xml:13:22-67
28    <uses-permission android:name="android.permission.READ_SMS" />
28-->src\main\AndroidManifest.xml:14:5-67
28-->src\main\AndroidManifest.xml:14:22-64
29    <uses-permission android:name="android.permission.READ_EXTERNAL_STORAGE" />
29-->src\main\AndroidManifest.xml:15:5-79
29-->src\main\AndroidManifest.xml:15:22-77
30
31    <queries>
31-->src\main\AndroidManifest.xml:66:5-77:15
32        <intent>
32-->src\main\AndroidManifest.xml:67:9-70:18
33            <action android:name="android.intent.action.PROCESS_TEXT" />
33-->src\main\AndroidManifest.xml:68:13-72
33-->src\main\AndroidManifest.xml:68:21-70
34
35            <data android:mimeType="text/plain" />
35-->src\main\AndroidManifest.xml:69:13-50
35-->src\main\AndroidManifest.xml:69:19-48
36        </intent>
37        <intent>
37-->src\main\AndroidManifest.xml:71:5-75:14
38            <action android:name="android.intent.action.VIEW" />
38-->src\main\AndroidManifest.xml:72:9-61
38-->src\main\AndroidManifest.xml:72:17-58
39
40            <category android:name="android.intent.category.BROWSABLE" />
40-->src\main\AndroidManifest.xml:73:9-70
40-->src\main\AndroidManifest.xml:73:19-67
41
42            <data android:scheme="https" />
42-->src\main\AndroidManifest.xml:69:13-50
43        </intent>
44        <intent>
44-->[:file_picker] AndroidManifest.xml:12:9-16:18
45            <action android:name="android.intent.action.GET_CONTENT" />
45-->[:file_picker] AndroidManifest.xml:13:13-72
45-->[:file_picker] AndroidManifest.xml:13:21-69
46
47            <data android:mimeType="*/*" />
47-->src\main\AndroidManifest.xml:69:13-50
47-->src\main\AndroidManifest.xml:69:19-48
48        </intent>
49    </queries>
50
51    <uses-permission android:name="android.permission.READ_PHONE_STATE" />
51-->[:alt_sms_autofill] AndroidManifest.xml:9:5-75
51-->[:alt_sms_autofill] AndroidManifest.xml:9:22-72
52    <uses-permission android:name="android.permission.READ_PHONE_NUMBERS" />
52-->[:alt_sms_autofill] AndroidManifest.xml:10:5-77
52-->[:alt_sms_autofill] AndroidManifest.xml:10:22-74
53    <uses-permission android:name="android.permission.RECORD_AUDIO" />
53-->[:camera_android] AndroidManifest.xml:10:5-71
53-->[:camera_android] AndroidManifest.xml:10:22-68
54    <uses-permission android:name="android.permission.WAKE_LOCK" />
54-->[:flutter_background_service_android] AndroidManifest.xml:11:5-68
54-->[:flutter_background_service_android] AndroidManifest.xml:11:22-65
55    <uses-permission android:name="android.permission.POST_NOTIFICATIONS" />
55-->[:flutter_local_notifications] AndroidManifest.xml:10:5-77
55-->[:flutter_local_notifications] AndroidManifest.xml:10:22-74
56    <uses-permission android:name="android.permission.CALL_PHONE" />
56-->[:flutter_phone_direct_caller] AndroidManifest.xml:9:5-69
56-->[:flutter_phone_direct_caller] AndroidManifest.xml:9:22-66
57
58    <uses-feature
58-->[:flutter_phone_direct_caller] AndroidManifest.xml:11:5-13:36
59        android:name="android.hardware.telephony"
59-->[:flutter_phone_direct_caller] AndroidManifest.xml:12:9-50
60        android:required="false" />
60-->[:flutter_phone_direct_caller] AndroidManifest.xml:13:9-33
61
62    <permission
62-->[androidx.core:core:1.13.0] AndroidManifest.xml:22:5-24:47
63        android:name="com.tewos.plantapp.DYNAMIC_RECEIVER_NOT_EXPORTED_PERMISSION"
63-->[androidx.core:core:1.13.0] AndroidManifest.xml:23:9-81
64        android:protectionLevel="signature" />
64-->[androidx.core:core:1.13.0] AndroidManifest.xml:24:9-44
65
66    <uses-permission android:name="com.tewos.plantapp.DYNAMIC_RECEIVER_NOT_EXPORTED_PERMISSION" />
66-->[androidx.core:core:1.13.0] AndroidManifest.xml:26:5-97
66-->[androidx.core:core:1.13.0] AndroidManifest.xml:26:22-94
67
68    <application
69        android:name="android.app.Application"
70        android:appComponentFactory="androidx.core.app.CoreComponentFactory"
70-->[androidx.core:core:1.13.0] AndroidManifest.xml:28:18-86
71        android:debuggable="true"
72        android:icon="@mipmap/ic_launcher"
73        android:label="የኔ መኪና ቦሎ" >
74        <activity
75            android:name="com.tewos.plantapp.MainActivity"
76            android:configChanges="orientation|keyboardHidden|keyboard|screenSize|smallestScreenSize|locale|layoutDirection|fontScale|screenLayout|density|uiMode"
77            android:exported="true"
78            android:hardwareAccelerated="true"
79            android:launchMode="singleTop"
80            android:theme="@style/LaunchTheme"
81            android:windowSoftInputMode="adjustResize" >
82            <meta-data
83                android:name="io.flutter.embedding.android.NormalTheme"
84                android:resource="@style/NormalTheme" />
85
86            <intent-filter>
87                <action android:name="android.intent.action.MAIN" />
88
89                <category android:name="android.intent.category.LAUNCHER" />
90            </intent-filter>
91        </activity>
92
93        <service
94            android:name="id.flutter.flutter_background_service.BackgroundService"
95            android:enabled="true"
95-->[:flutter_background_service_android] AndroidManifest.xml:16:13-35
96            android:exported="true"
96-->[:flutter_background_service_android] AndroidManifest.xml:17:13-36
97            android:foregroundServiceType="camera"
98            android:stopWithTask="false" >
98-->[:flutter_background_service_android] AndroidManifest.xml:18:13-41
99        </service>
100        <!-- Move the receiver elements outside of the activity -->
101        <receiver
102            android:name="com.dexterous.flutterlocalnotifications.ScheduledNotificationReceiver"
103            android:exported="false" />
104        <receiver
105            android:name="com.dexterous.flutterlocalnotifications.ScheduledNotificationBootReceiver"
106            android:exported="false" >
107            <intent-filter>
108                <action android:name="android.intent.action.BOOT_COMPLETED" />
108-->[:flutter_background_service_android] AndroidManifest.xml:29:17-79
108-->[:flutter_background_service_android] AndroidManifest.xml:29:25-76
109                <action android:name="android.intent.action.MY_PACKAGE_REPLACED" />
110                <action android:name="android.intent.action.QUICKBOOT_POWERON" />
110-->[:flutter_background_service_android] AndroidManifest.xml:30:17-82
110-->[:flutter_background_service_android] AndroidManifest.xml:30:25-79
111                <action android:name="com.htc.intent.action.QUICKBOOT_POWERON" />
112            </intent-filter>
113        </receiver>
114        <!--
115        <receiver
116            android:name="com.alt_sms_autofill.AltSmsAutofillPlugin$MySMSBroadcastReceive"
117            android:enabled="true"
118            android:exported="true">
119            <intent-filter>
120                <action android:name="android.provider.Telephony.SMS_RECEIVED" />
121            </intent-filter>
122        </receiver>
123        -->
124        <meta-data
125            android:name="flutterEmbedding"
126            android:value="2" />
127
128        <receiver
128-->[:flutter_background_service_android] AndroidManifest.xml:20:9-23:39
129            android:name="id.flutter.flutter_background_service.WatchdogReceiver"
129-->[:flutter_background_service_android] AndroidManifest.xml:21:13-82
130            android:enabled="true"
130-->[:flutter_background_service_android] AndroidManifest.xml:22:13-35
131            android:exported="true" />
131-->[:flutter_background_service_android] AndroidManifest.xml:23:13-36
132        <receiver
132-->[:flutter_background_service_android] AndroidManifest.xml:24:9-32:20
133            android:name="id.flutter.flutter_background_service.BootReceiver"
133-->[:flutter_background_service_android] AndroidManifest.xml:25:13-78
134            android:enabled="true"
134-->[:flutter_background_service_android] AndroidManifest.xml:26:13-35
135            android:exported="true" >
135-->[:flutter_background_service_android] AndroidManifest.xml:27:13-36
136            <intent-filter>
136-->[:flutter_background_service_android] AndroidManifest.xml:28:13-31:29
137                <action android:name="android.intent.action.BOOT_COMPLETED" />
137-->[:flutter_background_service_android] AndroidManifest.xml:29:17-79
137-->[:flutter_background_service_android] AndroidManifest.xml:29:25-76
138                <action android:name="android.intent.action.QUICKBOOT_POWERON" />
138-->[:flutter_background_service_android] AndroidManifest.xml:30:17-82
138-->[:flutter_background_service_android] AndroidManifest.xml:30:25-79
139            </intent-filter>
140        </receiver>
141
142        <provider
142-->[:image_picker_android] AndroidManifest.xml:11:9-19:20
143            android:name="io.flutter.plugins.imagepicker.ImagePickerFileProvider"
143-->[:image_picker_android] AndroidManifest.xml:12:13-82
144            android:authorities="com.tewos.plantapp.flutter.image_provider"
144-->[:image_picker_android] AndroidManifest.xml:13:13-74
145            android:exported="false"
145-->[:image_picker_android] AndroidManifest.xml:14:13-37
146            android:grantUriPermissions="true" >
146-->[:image_picker_android] AndroidManifest.xml:15:13-47
147            <meta-data
147-->[:image_picker_android] AndroidManifest.xml:16:13-18:75
148                android:name="android.support.FILE_PROVIDER_PATHS"
148-->[:image_picker_android] AndroidManifest.xml:17:17-67
149                android:resource="@xml/flutter_image_picker_file_paths" />
149-->[:image_picker_android] AndroidManifest.xml:18:17-72
150        </provider> <!-- Trigger Google Play services to install the backported photo picker module. -->
151        <service
151-->[:image_picker_android] AndroidManifest.xml:21:9-33:19
152            android:name="com.google.android.gms.metadata.ModuleDependencies"
152-->[:image_picker_android] AndroidManifest.xml:22:13-78
153            android:enabled="false"
153-->[:image_picker_android] AndroidManifest.xml:23:13-36
154            android:exported="false" >
154-->[:image_picker_android] AndroidManifest.xml:24:13-37
155            <intent-filter>
155-->[:image_picker_android] AndroidManifest.xml:26:13-28:29
156                <action android:name="com.google.android.gms.metadata.MODULE_DEPENDENCIES" />
156-->[:image_picker_android] AndroidManifest.xml:27:17-94
156-->[:image_picker_android] AndroidManifest.xml:27:25-91
157            </intent-filter>
158
159            <meta-data
159-->[:image_picker_android] AndroidManifest.xml:30:13-32:36
160                android:name="photopicker_activity:0:required"
160-->[:image_picker_android] AndroidManifest.xml:31:17-63
161                android:value="" />
161-->[:image_picker_android] AndroidManifest.xml:32:17-33
162        </service>
163        <service
163-->[:geolocator_android] AndroidManifest.xml:10:9-14:56
164            android:name="com.baseflow.geolocator.GeolocatorLocationService"
164-->[:geolocator_android] AndroidManifest.xml:11:13-77
165            android:enabled="true"
165-->[:geolocator_android] AndroidManifest.xml:12:13-35
166            android:exported="false"
166-->[:geolocator_android] AndroidManifest.xml:13:13-37
167            android:foregroundServiceType="location" />
167-->[:geolocator_android] AndroidManifest.xml:14:13-53
168        <!--
169           Declares a provider which allows us to store files to share in
170           '.../caches/share_plus' and grant the receiving action access
171        -->
172        <provider
172-->[:share_plus] AndroidManifest.xml:15:9-23:20
173            android:name="dev.fluttercommunity.plus.share.ShareFileProvider"
173-->[:share_plus] AndroidManifest.xml:16:13-77
174            android:authorities="com.tewos.plantapp.flutter.share_provider"
174-->[:share_plus] AndroidManifest.xml:17:13-74
175            android:exported="false"
175-->[:share_plus] AndroidManifest.xml:18:13-37
176            android:grantUriPermissions="true" >
176-->[:share_plus] AndroidManifest.xml:19:13-47
177            <meta-data
177-->[:image_picker_android] AndroidManifest.xml:16:13-18:75
178                android:name="android.support.FILE_PROVIDER_PATHS"
178-->[:image_picker_android] AndroidManifest.xml:17:17-67
179                android:resource="@xml/flutter_share_file_paths" />
179-->[:image_picker_android] AndroidManifest.xml:18:17-72
180        </provider>
181        <!--
182           This manifest declared broadcast receiver allows us to use an explicit
183           Intent when creating a PendingItent to be informed of the user's choice
184        -->
185        <receiver
185-->[:share_plus] AndroidManifest.xml:28:9-34:20
186            android:name="dev.fluttercommunity.plus.share.SharePlusPendingIntent"
186-->[:share_plus] AndroidManifest.xml:29:13-82
187            android:exported="false" >
187-->[:share_plus] AndroidManifest.xml:30:13-37
188            <intent-filter>
188-->[:share_plus] AndroidManifest.xml:31:13-33:29
189                <action android:name="EXTRA_CHOSEN_COMPONENT" />
189-->[:share_plus] AndroidManifest.xml:32:17-65
189-->[:share_plus] AndroidManifest.xml:32:25-62
190            </intent-filter>
191        </receiver>
192
193        <activity
193-->[:url_launcher_android] AndroidManifest.xml:10:9-13:74
194            android:name="io.flutter.plugins.urllauncher.WebViewActivity"
194-->[:url_launcher_android] AndroidManifest.xml:11:13-74
195            android:exported="false"
195-->[:url_launcher_android] AndroidManifest.xml:12:13-37
196            android:theme="@android:style/Theme.NoTitleBar.Fullscreen" />
196-->[:url_launcher_android] AndroidManifest.xml:13:13-71
197
198        <uses-library
198-->[androidx.window:window:1.0.0-beta04] AndroidManifest.xml:25:9-27:40
199            android:name="androidx.window.extensions"
199-->[androidx.window:window:1.0.0-beta04] AndroidManifest.xml:26:13-54
200            android:required="false" />
200-->[androidx.window:window:1.0.0-beta04] AndroidManifest.xml:27:13-37
201        <uses-library
201-->[androidx.window:window:1.0.0-beta04] AndroidManifest.xml:28:9-30:40
202            android:name="androidx.window.sidecar"
202-->[androidx.window:window:1.0.0-beta04] AndroidManifest.xml:29:13-51
203            android:required="false" />
203-->[androidx.window:window:1.0.0-beta04] AndroidManifest.xml:30:13-37
204
205        <activity
205-->[com.google.android.gms:play-services-auth:20.7.0] AndroidManifest.xml:23:9-27:75
206            android:name="com.google.android.gms.auth.api.signin.internal.SignInHubActivity"
206-->[com.google.android.gms:play-services-auth:20.7.0] AndroidManifest.xml:24:13-93
207            android:excludeFromRecents="true"
207-->[com.google.android.gms:play-services-auth:20.7.0] AndroidManifest.xml:25:13-46
208            android:exported="false"
208-->[com.google.android.gms:play-services-auth:20.7.0] AndroidManifest.xml:26:13-37
209            android:theme="@android:style/Theme.Translucent.NoTitleBar" />
209-->[com.google.android.gms:play-services-auth:20.7.0] AndroidManifest.xml:27:13-72
210        <!--
211            Service handling Google Sign-In user revocation. For apps that do not integrate with
212            Google Sign-In, this service will never be started.
213        -->
214        <service
214-->[com.google.android.gms:play-services-auth:20.7.0] AndroidManifest.xml:33:9-37:51
215            android:name="com.google.android.gms.auth.api.signin.RevocationBoundService"
215-->[com.google.android.gms:play-services-auth:20.7.0] AndroidManifest.xml:34:13-89
216            android:exported="true"
216-->[com.google.android.gms:play-services-auth:20.7.0] AndroidManifest.xml:35:13-36
217            android:permission="com.google.android.gms.auth.api.signin.permission.REVOCATION_NOTIFICATION"
217-->[com.google.android.gms:play-services-auth:20.7.0] AndroidManifest.xml:36:13-107
218            android:visibleToInstantApps="true" />
218-->[com.google.android.gms:play-services-auth:20.7.0] AndroidManifest.xml:37:13-48
219
220        <activity
220-->[com.google.android.gms:play-services-base:18.3.0] AndroidManifest.xml:20:9-22:45
221            android:name="com.google.android.gms.common.api.GoogleApiActivity"
221-->[com.google.android.gms:play-services-base:18.3.0] AndroidManifest.xml:20:19-85
222            android:exported="false"
222-->[com.google.android.gms:play-services-base:18.3.0] AndroidManifest.xml:22:19-43
223            android:theme="@android:style/Theme.Translucent.NoTitleBar" />
223-->[com.google.android.gms:play-services-base:18.3.0] AndroidManifest.xml:21:19-78
224
225        <meta-data
225-->[com.google.android.gms:play-services-basement:18.3.0] AndroidManifest.xml:21:9-23:69
226            android:name="com.google.android.gms.version"
226-->[com.google.android.gms:play-services-basement:18.3.0] AndroidManifest.xml:22:13-58
227            android:value="@integer/google_play_services_version" />
227-->[com.google.android.gms:play-services-basement:18.3.0] AndroidManifest.xml:23:13-66
228
229        <provider
229-->[androidx.profileinstaller:profileinstaller:1.3.0] AndroidManifest.xml:24:9-32:20
230            android:name="androidx.startup.InitializationProvider"
230-->[androidx.profileinstaller:profileinstaller:1.3.0] AndroidManifest.xml:25:13-67
231            android:authorities="com.tewos.plantapp.androidx-startup"
231-->[androidx.profileinstaller:profileinstaller:1.3.0] AndroidManifest.xml:26:13-68
232            android:exported="false" >
232-->[androidx.profileinstaller:profileinstaller:1.3.0] AndroidManifest.xml:27:13-37
233            <meta-data
233-->[androidx.profileinstaller:profileinstaller:1.3.0] AndroidManifest.xml:29:13-31:52
234                android:name="androidx.profileinstaller.ProfileInstallerInitializer"
234-->[androidx.profileinstaller:profileinstaller:1.3.0] AndroidManifest.xml:30:17-85
235                android:value="androidx.startup" />
235-->[androidx.profileinstaller:profileinstaller:1.3.0] AndroidManifest.xml:31:17-49
236        </provider>
237
238        <receiver
238-->[androidx.profileinstaller:profileinstaller:1.3.0] AndroidManifest.xml:34:9-52:20
239            android:name="androidx.profileinstaller.ProfileInstallReceiver"
239-->[androidx.profileinstaller:profileinstaller:1.3.0] AndroidManifest.xml:35:13-76
240            android:directBootAware="false"
240-->[androidx.profileinstaller:profileinstaller:1.3.0] AndroidManifest.xml:36:13-44
241            android:enabled="true"
241-->[androidx.profileinstaller:profileinstaller:1.3.0] AndroidManifest.xml:37:13-35
242            android:exported="true"
242-->[androidx.profileinstaller:profileinstaller:1.3.0] AndroidManifest.xml:38:13-36
243            android:permission="android.permission.DUMP" >
243-->[androidx.profileinstaller:profileinstaller:1.3.0] AndroidManifest.xml:39:13-57
244            <intent-filter>
244-->[androidx.profileinstaller:profileinstaller:1.3.0] AndroidManifest.xml:40:13-42:29
245                <action android:name="androidx.profileinstaller.action.INSTALL_PROFILE" />
245-->[androidx.profileinstaller:profileinstaller:1.3.0] AndroidManifest.xml:41:17-91
245-->[androidx.profileinstaller:profileinstaller:1.3.0] AndroidManifest.xml:41:25-88
246            </intent-filter>
247            <intent-filter>
247-->[androidx.profileinstaller:profileinstaller:1.3.0] AndroidManifest.xml:43:13-45:29
248                <action android:name="androidx.profileinstaller.action.SKIP_FILE" />
248-->[androidx.profileinstaller:profileinstaller:1.3.0] AndroidManifest.xml:44:17-85
248-->[androidx.profileinstaller:profileinstaller:1.3.0] AndroidManifest.xml:44:25-82
249            </intent-filter>
250            <intent-filter>
250-->[androidx.profileinstaller:profileinstaller:1.3.0] AndroidManifest.xml:46:13-48:29
251                <action android:name="androidx.profileinstaller.action.SAVE_PROFILE" />
251-->[androidx.profileinstaller:profileinstaller:1.3.0] AndroidManifest.xml:47:17-88
251-->[androidx.profileinstaller:profileinstaller:1.3.0] AndroidManifest.xml:47:25-85
252            </intent-filter>
253            <intent-filter>
253-->[androidx.profileinstaller:profileinstaller:1.3.0] AndroidManifest.xml:49:13-51:29
254                <action android:name="androidx.profileinstaller.action.BENCHMARK_OPERATION" />
254-->[androidx.profileinstaller:profileinstaller:1.3.0] AndroidManifest.xml:50:17-95
254-->[androidx.profileinstaller:profileinstaller:1.3.0] AndroidManifest.xml:50:25-92
255            </intent-filter>
256        </receiver>
257    </application>
258
259</manifest>